<?xml version="1.0" encoding="UTF-8"?>
<!-- Generated by org.testng.reporters.JUnitXMLReporter -->
<testsuite ignored="0" hostname="Apples-MacBook-Pro-2.local" failures="0" tests="1" name="/Users/vishnuvardhank/Documents/AppiumMobileAutomation/src/test/java/CreateDriverSession.java" time="7.721" errors="0" timestamp="2022-01-17T14:03:36 IST">
  <testcase classname="CreateDriverSession" name="TestMethod1" time="7.664"/>
</testsuite> <!-- /Users/vishnuvardhank/Documents/AppiumMobileAutomation/src/test/java/CreateDriverSession.java -->
